/scratch/work/selkeea1/.conda_envs/environment/lib/python3.13/site-packages/torch/_inductor/lowering.py:7242: UserWarning: 
Online softmax is disabled on the fly since Inductor decides to
split the reduction. Cut an issue to PyTorch if this is an
important use case and you want to speed it up with online
softmax.

  warnings.warn(
/scratch/work/selkeea1/.conda_envs/environment/lib/python3.13/site-packages/torch/_inductor/compile_fx.py:2772: UserWarning: Tesla V100-PCIE-32GB does not support bfloat16 compilation natively, skipping
  warnings.warn(
/scratch/work/selkeea1/.conda_envs/environment/lib/python3.13/site-packages/torch/_inductor/lowering.py:7242: UserWarning: 
Online softmax is disabled on the fly since Inductor decides to
split the reduction. Cut an issue to PyTorch if this is an
important use case and you want to speed it up with online
softmax.

  warnings.warn(
/scratch/work/selkeea1/.conda_envs/environment/lib/python3.13/site-packages/torch/_inductor/compile_fx.py:2772: UserWarning: Tesla V100-PCIE-32GB does not support bfloat16 compilation natively, skipping
  warnings.warn(
/scratch/work/selkeea1/.conda_envs/environment/lib/python3.13/site-packages/torch/_inductor/compile_fx.py:2772: UserWarning: Tesla V100-PCIE-32GB does not support bfloat16 compilation natively, skipping
  warnings.warn(
srun: Job step aborted: Waiting up to 32 seconds for job step to finish.
[2026-03-10T21:35:33.004] error: *** STEP 16612803.0 ON gpu31 CANCELLED AT 2026-03-10T21:35:33 DUE TO TIME LIMIT ***
[2026-03-10T21:35:33.005] error: *** JOB 16612803 ON gpu31 CANCELLED AT 2026-03-10T21:35:33 DUE TO TIME LIMIT ***
