0 1167
1 1167
2 1167
3 1167
4 1167
5 1167
6 1167
7 1167
8 1167
9 1167
10 1167
11 1167
12 1167
13 1167
14 1167
15 1167
16 1167
17 1167
18 1167
19 1167
20 1167
21 1167
22 1167
23 1167
24 1167
25 1167
26 1167
27 1167
28 1167
29 1167
30 1167
31 1167
32 1167
33 1167
34 1167
35 1167
36 1167
37 1167
38 1167
39 1167
40 1167
41 1167
42 1167
43 1167
44 1167
45 1167
46 1167
47 1167
48 1167
49 1167
50 1167
51 1167
52 1167
53 1167
54 1167
55 1167
56 1167
57 1167
58 1167
59 1167
60 1167
61 1167
62 1167
63 1167
64 1167
65 1167
66 1167
67 1167
68 1167
69 1167
70 1167
71 1167
72 1167
73 1167
74 1167
75 1167
76 1167
77 1167
78 1167
79 1167
80 1167
81 1167
82 1167
83 1167
84 1167
85 1167
86 1167
87 1167
88 1167
89 1167
90 1167
91 1167
92 1167
93 1167
94 1167
95 1167
96 1167
97 1167
98 1167
99 1167
100 1167
101 1167
102 1167
103 1167
104 1167
105 1167
106 1167
107 1167
108 1167
109 1167
110 1167
111 1167
112 1167
113 1167
114 1167
115 1167
116 1167
117 1167
118 1167
119 1167
120 1167
121 1167
122 1167
123 1167
124 1167
125 1167
126 1167
127 1167
128 1167
129 1167
130 1167
131 1167
132 1167
133 1167
134 1167
135 1167
136 1167
137 1167
138 1167
139 1167
140 1167
141 1167
142 1167
143 1167
144 1167
145 1167
146 1167
147 1167
148 1167
149 1167
150 1167
151 1167
152 1167
153 1167
154 1167
155 1167
156 1167
157 1167
158 1167
159 1167
160 1167
161 1167
162 1167
163 1167
164 1167
165 1167
166 1167
167 1167
168 1167
169 1167
170 1167
171 1167
172 1167
173 1167
174 1167
175 1167
176 1167
177 1167
178 1167
179 1167
180 1167
181 1167
182 1167
183 1167
184 1167
185 1167
186 1167
187 1167
188 1167
189 1167
190 1167
191 1167
192 1167
193 1167
194 1167
195 1167
196 1167
197 1167
198 1167
199 1167
200 1167
201 1167
202 1167
203 1167
204 1167
205 1167
206 1167
207 1167
208 1167
209 1167
210 1167
211 1167
212 1167
213 1167
214 1167
215 1167
216 1167
217 1167
218 1167
219 1167
220 1167
221 1167
222 1167
223 1167
224 1167
225 1167
226 1167
227 1167
228 1167
229 1167
230 1167
231 1167
232 1167
233 1167
234 1167
235 1167
236 1167
237 1167
238 1167
239 1167
240 1167
241 1167
242 1167
243 1167
244 1167
245 1167
246 1167
247 1167
248 1167
249 1167
250 1167
251 1167
252 1167
253 1167
254 1167
255 1167
256 1167
257 1167
258 1167
259 1167
260 1167
261 1167
262 1167
263 1167
264 1167
265 1167
266 1167
267 1167
268 1167
269 1167
270 1167
271 1167
272 1167
273 1167
274 1167
275 1167
276 1167
277 1167
278 1167
279 1167
280 1167
281 1167
282 1167
283 1167
284 1167
285 1167
286 1167
287 1167
288 1167
289 1167
290 1167
291 1167
292 1167
293 1167
294 1167
295 1167
296 1167
297 1167
298 1167
299 1167
300 1167
301 1167
302 1167
303 1167
304 1167
305 1167
306 1167
307 1167
308 1167
309 1167
310 1167
311 1167
312 1167
313 1167
314 1167
315 1167
316 1167
317 1167
318 1167
319 1167
320 1167
321 1167
322 1167
323 1167
324 1167
325 1167
326 1167
327 1167
328 1167
329 1167
330 1167
331 1167
332 1167
333 1167
334 1167
335 1167
336 1167
337 1167
338 1167
339 1167
340 1167
341 1167
342 1167
343 1167
344 1167
345 1167
346 1167
347 1167
348 1167
349 1167
350 1167
351 1167
352 1167
353 1167
354 1167
355 1167
356 1167
357 1167
358 1167
359 1167
360 1167
361 1167
362 1167
363 1167
364 1167
365 1167
366 1167
367 1167
368 1167
369 1167
370 1167
371 1167
372 1167
373 1167
374 1167
375 1167
376 1167
377 1167
378 1167
379 1167
380 1167
381 1167
382 1167
383 1167
384 1167
385 1167
386 1167
387 1167
388 1167
389 1167
390 1167
391 1167
392 1167
393 1167
394 1167
395 1167
396 1167
397 1167
398 1167
399 1167
400 1167
401 1167
402 1167
403 1167
404 1167
405 1167
406 1167
407 1167
408 1167
409 1167
410 1167
411 1167
412 1167
413 1167
414 1167
415 1167
416 1167
417 1167
418 1167
419 1167
420 1167
421 1167
422 1167
423 1167
424 1167
425 1167
426 1167
427 1167
428 1167
429 1167
430 1167
431 1167
432 1167
433 1167
434 1167
435 1167
436 1167
437 1167
438 1167
439 1167
440 1167
441 1167
442 1167
443 1167
444 1167
445 1167
446 1167
447 1167
448 1167
449 1167
450 1167
451 1167
452 1167
453 1167
454 1167
455 1167
456 1167
457 1167
458 1167
459 1167
460 1167
461 1167
462 1167
463 1167
464 1167
465 1167
466 1167
467 1167
468 1167
469 1167
470 1167
471 1167
472 1167
473 1167
474 1167
475 1167
476 1167
477 1167
478 1167
479 1167
480 1167
481 1167
482 1167
483 1167
484 1167
485 1167
486 1167
487 1167
488 1167
489 1167
490 1167
491 1167
492 1167
493 1167
494 1167
495 1167
496 1167
497 1167
498 1167
499 1167
500 1167
501 1167
502 1167
503 1167
504 1167
505 1167
506 1167
507 1167
508 1167
509 1167
510 1167
511 1167
512 1167
513 1167
514 1167
515 1167
516 1167
517 1167
518 1167
519 1167
520 1167
521 1167
522 1167
523 1167
524 1167
525 1167
526 1167
527 1167
528 1167
529 1167
530 1167
531 1167
532 1167
533 1167
534 1167
535 1167
536 1167
537 1167
538 1167
539 1167
540 1167
541 1167
542 1167
543 1167
544 1167
545 1167
546 1167
547 1167
548 1167
549 1167
550 1167
551 1167
552 1167
553 1167
554 1167
555 1167
556 1167
557 1167
558 1167
559 1167
560 1167
561 1167
562 1167
563 1167
564 1167
565 1167
566 1167
567 1167
568 1167
569 1167
570 1167
571 1167
572 1167
573 1167
574 1167
575 1167
576 1167
577 1167
578 1167
579 1167
580 1167
581 1167
582 1167
583 1167
584 1167
585 1167
586 1167
587 1167
588 1167
589 1167
590 1167
591 1167
592 1167
593 1167
594 1167
595 1167
596 1167
597 1167
598 1167
599 1167
600 1167
601 1167
602 1167
603 1167
604 1167
605 1167
606 1167
607 1167
608 1167
609 1167
610 1167
611 1167
612 1167
613 1167
614 1167
615 1167
616 1167
617 1167
618 1167
619 1167
620 1167
621 1167
622 1167
623 1167
624 1167
625 1167
626 1167
627 1167
628 1167
629 1167
630 1167
631 1167
632 1167
633 1167
634 1167
635 1167
636 1167
637 1167
638 1167
639 1167
640 1167
641 1167
642 1167
643 1167
644 1167
645 1167
646 1167
647 1167
648 1167
649 1167
650 1167
651 1167
652 1167
653 1167
654 1167
655 1167
656 1167
657 1167
658 1167
659 1167
660 1167
661 1167
662 1167
663 1167
664 1167
665 1167
666 1167
667 1167
668 1167
669 1167
670 1167
671 1167
672 1167
673 1167
674 1167
675 1167
676 1167
677 1167
678 1167
679 1167
680 1167
681 1167
682 1167
683 1167
684 1167
685 1167
686 1167
687 1167
688 1167
689 1167
690 1167
691 1167
692 1167
693 1167
694 1167
695 1167
696 1167
697 1167
698 1167
699 1167
700 1167
701 1167
702 1167
703 1167
704 1167
705 1167
706 1167
707 1167
708 1167
709 1167
710 1167
711 1167
712 1167
713 1167
714 1167
715 1167
716 1167
717 1167
718 1167
719 1167
720 1167
721 1167
722 1167
723 1167
724 1167
725 1167
726 1167
727 1167
728 1167
729 1167
730 1167
731 1167
732 1167
733 1167
734 1167
735 1167
736 1167
737 1167
738 1167
739 1167
740 1167
741 1167
742 1167
743 1167
744 1167
745 1167
746 1167
747 1167
748 1167
749 1167
750 1167
751 1167
752 1167
753 1167
754 1167
755 1167
756 1167
757 1167
758 1167
759 1167
760 1167
761 1167
762 1167
763 1167
764 1167
765 1167
766 1167
767 1167
768 1167
769 1167
770 1167
771 1167
772 1167
773 1167
774 1167
775 1167
776 1167
777 1167
778 1167
779 1167
780 1167
781 1167
782 1167
783 1167
784 1167
785 1167
786 1167
787 1167
788 1167
789 1167
790 1167
791 1167
792 1167
793 1167
794 1167
795 1167
796 1167
797 1167
798 1167
799 1167
800 1167
801 1167
802 1167
803 1167
804 1167
805 1167
806 1167
807 1167
808 1167
809 1167
810 1167
811 1167
812 1167
813 1167
814 1167
815 1167
816 1167
817 1167
818 1167
819 1167
820 1167
821 1167
822 1167
823 1167
824 1167
825 1167
826 1167
827 1167
828 1167
829 1167
830 1167
831 1167
832 1167
833 1167
834 1167
835 1167
836 1167
837 1167
838 1167
839 1167
840 1167
841 1167
842 1167
843 1167
844 1167
845 1167
846 1167
847 1167
848 1167
849 1167
850 1167
851 1167
852 1167
853 1167
854 1167
855 1167
856 1167
857 1167
858 1167
859 1167
860 1167
861 1167
862 1167
863 1167
864 1167
865 1167
866 1167
867 1167
868 1167
869 1167
870 1167
871 1167
872 1167
873 1167
874 1167
875 1167
876 1167
877 1167
878 1167
879 1167
880 1167
881 1167
882 1167
883 1167
884 1167
885 1167
886 1167
887 1167
888 1167
889 1167
890 1167
891 1167
892 1167
893 1167
894 1167
895 1167
896 1167
897 1167
898 1167
899 1167
900 1167
901 1167
902 1167
903 1167
904 1167
905 1167
906 1167
907 1167
908 1167
909 1167
910 1167
911 1167
912 1167
913 1167
914 1167
915 1167
916 1167
917 1167
918 1167
919 1167
920 1167
921 1167
922 1167
923 1167
924 1167
925 1167
926 1167
927 1167
928 1167
929 1167
930 1167
931 1167
932 1167
933 1167
934 1167
935 1167
936 1167
937 1167
938 1167
939 1167
940 1167
941 1167
942 1167
943 1167
944 1167
945 1167
946 1167
947 1167
948 1167
949 1167
950 1167
951 1167
952 1167
953 1167
954 1167
955 1167
956 1167
957 1167
958 1167
959 1167
960 1167
961 1167
962 1167
963 1167
964 1167
965 1167
966 1167
967 1167
968 1167
969 1167
970 1167
971 1167
972 1167
973 1167
974 1167
975 1167
976 1167
977 1167
978 1167
979 1167
980 1167
981 1167
982 1167
983 1167
984 1167
985 1167
986 1167
987 1167
988 1167
989 1167
990 1167
991 1167
992 1167
993 1167
994 1167
995 1167
996 1167
997 1167
998 1167
999 1167
1000 1167
1001 1167
1002 1167
1003 1167
1004 1167
1005 1167
1006 1167
1007 1167
1008 1167
1009 1167
1010 1167
1011 1167
1012 1167
1013 1167
1014 1167
1015 1167
1016 1167
1017 1167
1018 1167
1019 1167
1020 1167
1021 1167
1022 1167
1023 1167
1024 1167
1025 1167
1026 1167
1027 1167
1028 1167
1029 1167
1030 1167
1031 1167
1032 1167
1033 1167
1034 1167
1035 1167
1036 1167
1037 1167
1038 1167
1039 1167
1040 1167
1041 1167
1042 1167
1043 1167
1044 1167
1045 1167
1046 1167
1047 1167
1048 1167
1049 1167
1050 1167
1051 1167
1052 1167
1053 1167
1054 1167
1055 1167
1056 1167
1057 1167
1058 1167
1059 1167
1060 1167
1061 1167
1062 1167
1063 1167
1064 1167
1065 1167
1066 1167
1067 1167
1068 1167
1069 1167
1070 1167
1071 1167
1072 1167
1073 1167
1074 1167
1075 1167
1076 1167
1077 1167
1078 1167
1079 1167
1080 1167
1081 1167
1082 1167
1083 1167
1084 1167
1085 1167
1086 1167
1087 1167
1088 1167
1089 1167
1090 1167
1091 1167
1092 1167
1093 1167
1094 1167
1095 1167
1096 1167
1097 1167
1098 1167
1099 1167
1100 1167
1101 1167
1102 1167
1103 1167
1104 1167
1105 1167
1106 1167
1107 1167
1108 1167
1109 1167
1110 1167
1111 1167
1112 1167
1113 1167
1114 1167
1115 1167
1116 1167
1117 1167
1118 1167
1119 1167
1120 1167
1121 1167
1122 1167
1123 1167
1124 1167
1125 1167
1126 1167
1127 1167
1128 1167
1129 1167
1130 1167
1131 1167
1132 1167
1133 1167
1134 1167
1135 1167
1136 1167
1137 1167
1138 1167
1139 1167
1140 1167
1141 1167
1142 1167
1143 1167
1144 1167
1145 1167
1146 1167
1147 1167
1148 1167
1149 1167
1150 1167
1151 1167
1152 1167
1153 1167
1154 1167
1155 1167
1156 1167
1157 1167
1158 1167
1159 1167
1160 1167
1161 1167
1162 1167
1163 1167
1164 1167
1165 1167
1166 1167
tensor(278.8412)
tensor(223.2998)
