125
256
354
481
594
706
826
946
1042
1168
1268
1388
1511
1636
1751
1882
1985
2101
2230
2357
2476
2590
2701
2803
2910
3051
3165
3294
3406
3520
3626
3746
3875
3979
4078
4181
4292
4407
4518
4635
4762
4883
4978
5098
5213
5332
5450
5574
5706
5832
5943
6041
6146
6266
6373
6498
6611
6728
6848
6964
7086
7199
7326
7440
7546
7679
7769
7878
7989
8097
8204
8318
8426
8557
8671
8787
8900
9008
9118
9217
9338
9450
9577
9686
9803
9912
10016
10115
10250
10359
10490
10597
10700
10805
10928
11074
11173
11306
11423
11526
11634
11749
11865
11997
12121
12235
12344
12453
12550
12659
12773
12904
13034
13137
13249
13372
13481
13595
13705
13824
13929
14051
14174
14277
14395
14518
14646
14747
14848
14961
15082
15214
15325
15415
15537
15639
15766
15897
16002
16117
16220
16329
16442
16558
16683
16804
16918
17041
17154
17272
17394
17503
17619
17736
17846
17974
18087
18207
18339
18467
18593
18697
18796
18917
19052
19165
19293
19397
19521
19648
19780
19909
20013
20114
20237
20348
20478
20606
20718
20850
20974
21082
21204
21301
21420
21556
21684
21783
21892
22010
22131
22244
22370
22499
22617
22732
22846
22956
23073
23219
23318
23443
23548
23669
23768
23890
24010
24142
24263
24389
24489
24616
24738
24842
24960
25092
25204
25311
25429
25542
25641
25769
25873
25985
26114
26213
26340
26462
26587
26710
26819
26923
27044
27154
27273
27380
27480
27581
27706
27816
27930
28038
28152
28264
28367
28480
28596
28710
28827
28946
29058
29179
29296
29391
29517
29611
29729
29854
29972
30107
30223
30342
30445
30561
30671
30787
30911
31034
31151
31276
31396
31524
31634
31766
31868
31991
32103
32218
32325
32448
32580
32690
32798
32923
33061
33196
33314
33438
33557
33673
33796
33915
34046
34167
34267
34397
34527
34639
34765
34884
35003
35107
35217
35319
35428
35559
35669
35783
35904
36041
36153
36256
36376
36486
36601
36715
36824
36937
37070
37208
37322
37440
37549
37662
37799
37926
38042
38167
38268
38393
38506
38618
38741
38855
38977
39091
39204
39324
39425
39531
39643
39751
39888
39994
40120
40247
40362
40495
40609
40719
40837
40949
41056
41167
41295
41417
41543
41648
41756
41880
41996
42111
42219
42333
42447
42572
42697
42810
42925
43043
43147
43277
43390
43495
43622
43751
43860
43973
44073
44208
44351
44464
44581
44700
44813
44924
45022
45141
45266
45390
45500
45617
45748
45867
45976
46098
46199
46316
46427
46539
46651
46765
46877
47006
47117
47244
47343
47461
47577
47690
47803
47917
48034
48165
48252
48362
48480
48595
48701
48806
48924
49039
49145
49262
49377
49500
49600
49703
49822
49947
50056
50180
50295
50430
50562
50673
50798
50912
51006
51122
51222
51343
51445
51559
51687
51810
51937
52049
52151
52270
52399
52512
52619
52734
52844
52975
53113
53225
53339
53470
53569
53689
53806
53909
54019
54128
54253
54386
54507
54596
54718
54838
54952
55070
55182
55302
55404
55500
55617
55733
55839
55956
56084
56200
56324
56436
56564
56699
56827
56948
57060
57178
57294
57403
57526
